<?xml version="1.0" encoding="UTF-8"?>
<testsuite name="io.turntabl.dataaccess.ClientDAOTest" tests="7" skipped="0" failures="0" errors="0" timestamp="2019-11-29T11:55:41" hostname="dawud-Aspire-7741" time="0.305">
  <properties/>
  <testcase name="testRecoverClient" classname="io.turntabl.dataaccess.ClientDAOTest" time="0.213"/>
  <testcase name="testGetAllSearchedArchivedClients_notAvailable" classname="io.turntabl.dataaccess.ClientDAOTest" time="0.032"/>
  <testcase name="testGetAllClients" classname="io.turntabl.dataaccess.ClientDAOTest" time="0.012"/>
  <testcase name="testDeleteClient" classname="io.turntabl.dataaccess.ClientDAOTest" time="0.009"/>
  <testcase name="testGetAllSearchedArchivedClients_Available" classname="io.turntabl.dataaccess.ClientDAOTest" time="0.009"/>
  <testcase name="testGetAllClients_Again" classname="io.turntabl.dataaccess.ClientDAOTest" time="0.01"/>
  <testcase name="testGetAllSearchedClients" classname="io.turntabl.dataaccess.ClientDAOTest" time="0.01"/>
  <system-out><![CDATA[]]></system-out>
  <system-err><![CDATA[]]></system-err>
</testsuite>
