<?xml version="1.0" encoding="UTF-8"?>
<testsuite name="io.turntabl.persistance.ClientInformationPersistenceTest" tests="2" skipped="0" failures="0" errors="0" timestamp="2019-11-29T11:55:39" hostname="dawud-Aspire-7741" time="1.494">
  <properties/>
  <testcase name="store_unsuccessfulThrowsException" classname="io.turntabl.persistance.ClientInformationPersistenceTest" time="1.488"/>
  <testcase name="store_successful" classname="io.turntabl.persistance.ClientInformationPersistenceTest" time="0.006"/>
  <system-out><![CDATA[]]></system-out>
  <system-err><![CDATA[]]></system-err>
</testsuite>
