<?xml version="1.0" encoding="UTF-8"?>
<testsuite name="io.turntabl.persistance.DBConnectionTest" tests="1" skipped="0" failures="0" errors="0" timestamp="2019-11-29T11:55:39" hostname="dawud-Aspire-7741" time="0.846">
  <properties/>
  <testcase name="store" classname="io.turntabl.persistance.DBConnectionTest" time="0.846"/>
  <system-out><![CDATA[]]></system-out>
  <system-err><![CDATA[]]></system-err>
</testsuite>
