<?xml version="1.0" encoding="UTF-8"?>
<testsuite name="io.turntabl.dataentry.DataEntryTest" tests="1" skipped="0" failures="0" errors="0" timestamp="2019-11-29T11:55:41" hostname="dawud-Aspire-7741" time="0.0">
  <properties/>
  <testcase name="getInput" classname="io.turntabl.dataentry.DataEntryTest" time="0.0"/>
  <system-out><![CDATA[]]></system-out>
  <system-err><![CDATA[]]></system-err>
</testsuite>
